time="2023-03-18T14:07:39+05:00" level=fatal msg="Get \"https://dog.ceo/api/breeds/image/random\": proxyconnect tcp: dial tcp: lookup 192,168: no such host"
time="2023-03-18T14:09:12+05:00" level=fatal msg="Get \"https://dog.ceo/api/breeds/image/random\": proxyconnect tcp: dial tcp: lookup 192,168: no such host"
time="2023-03-18T14:12:32+05:00" level=fatal msg="Get \"https://dog.ceo/api/breeds/image/random\": proxyconnect tcp: dial tcp: lookup 192,168: no such host"
time="2023-03-18T14:15:45+05:00" level=fatal msg="Get \"https://dog.ceo/api/breeds/image/random\": proxyconnect tcp: dial tcp: lookup 192,168: no such host"
time="2023-03-18T14:16:26+05:00" level=fatal msg="Get \"https://dog.ceo/api/breeds/image/random\": proxyconnect tcp: dial tcp: lookup 192,168: no such host"
time="2023-03-18T14:20:28+05:00" level=fatal msg="Get \"https://dog.ceo/api/breeds/image/random\": proxyconnect tcp: dial tcp: lookup 192,168: no such host"
time="2023-03-18T14:23:05+05:00" level=fatal msg="Get \"https://dog.ceo/api/breeds/image/random\": proxyconnect tcp: dial tcp: lookup 192,168: no such host"
time="2023-03-18T14:26:20+05:00" level=info msg="Get \"https://dog.ceo/api/breeds/image/random\": proxyconnect tcp: dial tcp: lookup 192,168: no such host"
time="2023-03-18T15:22:54+05:00" level=info msg="requestXML => <Dog><message></message></Dog>"
time="2023-03-18T15:22:54+05:00" level=info msg="Response =>  {{ }}"
time="2023-03-18T15:57:17+05:00" level=info msg="requestXML => <Dog><message></message></Dog>"
time="2023-03-18T15:57:17+05:00" level=info msg="Response =>  {{ }}"
time="2023-03-18T15:57:17+05:00" level=fatal msg="Post \"https://dog.ceo/api/breeds/image/random\": proxyconnect tcp: dial tcp: lookup 192,168: no such host"
time="2023-03-18T15:57:47+05:00" level=info msg="requestXML => <Dog><message></message></Dog>"
time="2023-03-18T15:57:47+05:00" level=info msg="Response =>  {{ }}"
time="2023-03-18T15:57:47+05:00" level=fatal msg="Post \"https://dog.ceo/api/breeds/image/random\": proxyconnect tcp: dial tcp: lookup 192,168: no such host"
time="2023-03-18T16:09:19+05:00" level=info msg="requestXML => <xml></xml>"
time="2023-03-18T16:09:19+05:00" level=info msg="Response =>  {{ }}"
time="2023-03-18T16:09:19+05:00" level=fatal msg="Post \"https://dog.ceo/api/breeds/image/random\": proxyconnect tcp: dial tcp: lookup 192,168: no such host"
time="2023-03-18T16:10:56+05:00" level=info msg="requestXML => <xml></xml>"
time="2023-03-18T16:10:56+05:00" level=info msg="Response =>  {{ }}"
time="2023-03-18T16:10:56+05:00" level=fatal msg="Get \"https://dog.ceo/api/breeds/image/random\": proxyconnect tcp: dial tcp: lookup 192,168: no such host"
time="2023-03-18T16:12:37+05:00" level=info msg="Get \"https://dog.ceo/api/breeds/image/random\": proxyconnect tcp: dial tcp: lookup 192,168: no such host"
time="2023-03-29T09:38:14+05:00" level=info msg="Get \"https://dog.ceo/api/breeds/image/random\": proxyconnect tcp: EOF"
time="2023-03-29T10:14:07+05:00" level=error msg="&{0xc0003720e0 736 200}template: main.html:23:15: executing \"main.html\" at <.Age>: can't evaluate field Age in type struct { AppVersion string }500"
time="2023-03-29T10:14:10+05:00" level=error msg="&{0xc0005da000 736 200}template: main.html:23:15: executing \"main.html\" at <.Age>: can't evaluate field Age in type struct { AppVersion string }500"
time="2023-03-29T10:14:13+05:00" level=error msg="&{0xc00056c000 736 200}template: main.html:23:15: executing \"main.html\" at <.Age>: can't evaluate field Age in type struct { AppVersion string }500"
time="2023-03-29T10:14:23+05:00" level=error msg="&{0xc0005da0e0 4716 200}template: main.html:28:13: executing \"main.html\" at <.Age>: can't evaluate field Age in type struct { AppVersion string }500"
time="2023-03-29T10:14:28+05:00" level=error msg="&{0xc00056c0e0 4700 200}template: main.html:28:13: executing \"main.html\" at <.Age>: can't evaluate field Age in type struct { AppVersion string }500"
time="2023-03-29T10:14:31+05:00" level=error msg="&{0xc000372380 4710 200}template: main.html:28:13: executing \"main.html\" at <.Age>: can't evaluate field Age in type struct { AppVersion string }500"
time="2023-03-29T10:15:10+05:00" level=error msg="&{0xc0003720e0 737 200}template: main.html:23:16: executing \"main.html\" at <.Age>: can't evaluate field Age in type struct { AppVersion string }500"
time="2023-03-29T10:15:38+05:00" level=error msg="&{0xc0005da000 737 200}template: main.html:23:16: executing \"main.html\" at <.Age>: can't evaluate field Age in type struct { AppVersion string }500"
time="2023-03-29T10:15:58+05:00" level=error msg="&{0xc0003721c0 737 200}template: main.html:23:16: executing \"main.html\" at <.Age>: can't evaluate field Age in type struct { AppVersion string }500"
time="2023-03-29T10:30:16+05:00" level=info msg="Get \"https://dog.ceo/api/breeds/image/random\": proxyconnect tcp: EOF"
time="2023-03-29T10:30:57+05:00" level=info msg="Get \"https://dog.ceo/api/breeds/image/random\": proxyconnect tcp: EOF"
time="2023-03-29T10:30:58+05:00" level=info msg="Get \"https://dog.ceo/api/breeds/image/random\": proxyconnect tcp: EOF"
